<?xml version="1.0" encoding="UTF-8"?>
<!-- Generated by org.testng.reporters.JUnitXMLReporter -->
<testsuite ignored="0" hostname="Himalaya-Laptop" failures="0" tests="3" name="HomeLoan" time="0.11" errors="0" timestamp="2022-07-11T16:47:41 IST">
  <testcase classname="Learning.Selenium.day1" name="APILoginCarLoan" time="0.012"/>
  <testcase classname="Learning.Selenium.day1" name="MobileLoginCarLoan" time="0.003"/>
  <testcase classname="Learning.Selenium.day1" name="webLoginCarLoan" time="0.008"/>
</testsuite> <!-- HomeLoan -->
