<?xml version="1.0" encoding="UTF-8"?>
<!-- Generated by org.testng.reporters.JUnitXMLReporter -->
<testsuite ignored="3" hostname="Himalaya-Laptop" failures="0" tests="7" name="Regression" time="0.141" errors="0" timestamp="2022-07-11T16:47:42 IST">
  <testcase classname="Learning.Selenium.day2" name="APILoginHomeLoan" time="0.004"/>
  <testcase classname="Learning.Selenium.day2" name="MobileLoginHomeLoan" time="0.011"/>
  <testcase classname="Learning.Selenium.day3" name="webLoginPersonalLoan" time="0.019"/>
  <testcase classname="Learning.Selenium.day3" name="webLoginPersonalLoanDataproviderexample" time="0.005"/>
  <testcase classname="Learning.Selenium.day3" name="webLoginPersonalLoanDataproviderexample" time="0.004"/>
  <testcase classname="Learning.Selenium.day3" name="webLoginPersonalLoanDataproviderexample" time="0.003"/>
  <testcase classname="Learning.Selenium.day3" name="APILoginCarLoan" time="0.005"/>
  <testcase classname="Learning.Selenium.day3" name="APILoginPersonalLoan" time="0.0">
    <ignored/>
  </testcase> <!-- APILoginPersonalLoan -->
  <testcase classname="Learning.Selenium.day2" name="webLoginHomeLoan" time="0.0">
    <ignored/>
  </testcase> <!-- webLoginHomeLoan -->
  <testcase classname="Learning.Selenium.day3" name="MobileLoginPersonalLoan" time="0.0">
    <ignored/>
  </testcase> <!-- MobileLoginPersonalLoan -->
</testsuite> <!-- Regression -->
